<?xml version="1.0" encoding="UTF-8"?>
<!-- Generated by org.testng.reporters.JUnitReportReporter -->
<testsuite hostname="LAPTOP-6OTFFNH5" failures="0" tests="1" name="com.TestClass.TestClassIMDB" time="14.203" errors="0" timestamp="2022-07-23T15:05:41 IST" skipped="0">
  <testcase classname="com.TestClass.TestClassIMDB" name="ExtractMovieData" time="14.203"/>
  <system-out/>
</testsuite> <!-- com.TestClass.TestClassIMDB -->
